2018-07-14 21:33:27,901 INFO  [PreLoginHeader_HomePage] Seller_Login link is displaying on home page and is clickable too 
2018-07-14 21:33:27,934 INFO  [PreLoginHeader_HomePage] Download App link is displaying on home page and is clickable too 
2018-07-14 21:33:27,965 INFO  [PreLoginHeader_HomePage] Phone number in header is displaying on home page and is clickable too 
2018-07-14 21:33:27,996 INFO  [PreLoginHeader_HomePage] Searh field is displaying on home page and is clickable too 
2018-07-14 21:33:28,027 INFO  [PreLoginHeader_HomePage] Search button is displaying on home page and is clickable too 
2018-07-14 21:33:28,059 INFO  [PreLoginHeader_HomePage] Wallet icon is displaying on home page and is clickable too 
2018-07-14 21:33:28,093 INFO  [PreLoginHeader_HomePage] Cart icon is displaying on home page and is clickable too 
2018-07-14 21:33:28,126 INFO  [PreLoginHeader_HomePage] Login and register link is displaying on home page and is clickable too 
2018-07-14 21:35:37,244 INFO  [PreLoginHeader_HomePage] Seller_Login link is displaying on home page and is clickable too 
2018-07-14 21:35:37,282 INFO  [PreLoginHeader_HomePage] Download App link is displaying on home page and is clickable too 
2018-07-14 21:35:37,317 INFO  [PreLoginHeader_HomePage] Phone number in header is displaying on home page and is clickable too 
2018-07-15 17:41:10,097 INFO  [PreLoginHeader_HomePage] Logo is displaying on home page and is clickable too 
2018-07-15 17:41:10,149 INFO  [PreLoginHeader_HomePage] Seller_Login link is displaying on home page and is clickable too 
2018-07-15 17:41:10,180 INFO  [PreLoginHeader_HomePage] Download App link is displaying on home page and is clickable too 
2018-07-15 17:41:10,213 INFO  [PreLoginHeader_HomePage] Phone number in header is displaying on home page and is clickable too 
2018-07-15 18:31:26,370 INFO  [PreLoginHeader_HomePage] Logo is displaying on home page and is clickable too 
2018-07-15 18:31:26,403 INFO  [PreLoginHeader_HomePage] Seller_Login link is displaying on home page and is clickable too 
2018-07-15 18:31:26,441 INFO  [PreLoginHeader_HomePage] Download App link is displaying on home page and is clickable too 
2018-07-15 18:31:26,473 INFO  [PreLoginHeader_HomePage] Phone number in header is displaying on home page and is clickable too 
2018-07-15 18:34:59,931 INFO  [PreLoginHeader_HomePage] Logo is displaying on home page and is clickable too 
2018-07-15 18:34:59,973 INFO  [PreLoginHeader_HomePage] Seller_Login link is displaying on home page and is clickable too 
2018-07-15 18:35:00,013 INFO  [PreLoginHeader_HomePage] Download App link is displaying on home page and is clickable too 
2018-07-15 18:35:00,048 INFO  [PreLoginHeader_HomePage] Phone number in header is displaying on home page and is clickable too 
2018-07-15 18:46:57,062 INFO  [PreLoginHeader_HomePage] Logo is displaying on home page and is clickable too 
2018-07-15 18:46:57,100 INFO  [PreLoginHeader_HomePage] Seller_Login link is displaying on home page and is clickable too 
2018-07-15 18:46:57,132 INFO  [PreLoginHeader_HomePage] Download App link is displaying on home page and is clickable too 
2018-07-15 18:46:57,165 INFO  [PreLoginHeader_HomePage] Phone number in header is displaying on home page and is clickable too 
2018-07-15 18:46:57,196 INFO  [PreLoginHeader_HomePage] Searh field is displaying on home page and is clickable too 
2018-07-15 18:46:57,228 INFO  [PreLoginHeader_HomePage] Search button is displaying on home page and is clickable too 
2018-07-15 18:46:57,260 INFO  [PreLoginHeader_HomePage] Wallet icon is displaying on home page and is clickable too 
2018-07-15 18:46:57,294 INFO  [PreLoginHeader_HomePage] Cart icon is displaying on home page and is clickable too 
2018-07-15 18:46:57,341 INFO  [PreLoginHeader_HomePage] Login and register link is displaying on home page and is clickable too 
2018-07-15 20:28:23,266 INFO  [PreLoginHeader_HomePage] Logo is displaying on home page and is clickable too 
2018-07-15 20:28:23,302 INFO  [PreLoginHeader_HomePage] Seller_Login link is displaying on home page and is clickable too 
2018-07-15 20:28:23,333 INFO  [PreLoginHeader_HomePage] Download App link is displaying on home page and is clickable too 
2018-07-15 20:28:23,363 INFO  [PreLoginHeader_HomePage] Phone number in header is displaying on home page and is clickable too 
2018-07-15 20:28:23,393 INFO  [PreLoginHeader_HomePage] Searh field is displaying on home page and is clickable too 
2018-07-15 20:28:23,425 INFO  [PreLoginHeader_HomePage] Search button is displaying on home page and is clickable too 
2018-07-15 20:28:23,457 INFO  [PreLoginHeader_HomePage] Wallet icon is displaying on home page and is clickable too 
2018-07-15 20:28:23,489 INFO  [PreLoginHeader_HomePage] Cart icon is displaying on home page and is clickable too 
2018-07-15 20:28:23,529 INFO  [PreLoginHeader_HomePage] Login and register link is displaying on home page and is clickable too 
2018-07-15 21:01:51,240 INFO  [PreLoginHeader_HomePage] Logo is displaying on home page and is clickable too 
2018-07-15 21:01:51,276 INFO  [PreLoginHeader_HomePage] Seller_Login link is displaying on home page and is clickable too 
2018-07-15 21:01:51,307 INFO  [PreLoginHeader_HomePage] Download App link is displaying on home page and is clickable too 
2018-07-15 21:01:51,338 INFO  [PreLoginHeader_HomePage] Phone number in header is displaying on home page and is clickable too 
2018-07-15 21:01:51,366 INFO  [PreLoginHeader_HomePage] Searh field is displaying on home page and is clickable too 
2018-07-15 21:01:51,397 INFO  [PreLoginHeader_HomePage] Search button is displaying on home page and is clickable too 
2018-07-15 21:01:51,430 INFO  [PreLoginHeader_HomePage] Wallet icon is displaying on home page and is clickable too 
2018-07-15 21:01:51,462 INFO  [PreLoginHeader_HomePage] Cart icon is displaying on home page and is clickable too 
2018-07-15 21:01:51,501 INFO  [PreLoginHeader_HomePage] Login and register link is displaying on home page and is clickable too 
2018-07-15 21:44:27,366 INFO  [PreLoginHeader_HomePage] Logo is displaying on home page and is clickable too 
2018-07-15 21:44:27,401 INFO  [PreLoginHeader_HomePage] Seller_Login link is displaying on home page and is clickable too 
2018-07-15 21:44:27,432 INFO  [PreLoginHeader_HomePage] Download App link is displaying on home page and is clickable too 
2018-07-15 21:44:27,464 INFO  [PreLoginHeader_HomePage] Phone number in header is displaying on home page and is clickable too 
2018-07-15 21:44:27,495 INFO  [PreLoginHeader_HomePage] Searh field is displaying on home page and is clickable too 
2018-07-15 21:44:27,526 INFO  [PreLoginHeader_HomePage] Search button is displaying on home page and is clickable too 
2018-07-15 21:44:27,561 INFO  [PreLoginHeader_HomePage] Wallet icon is displaying on home page and is clickable too 
2018-07-15 21:44:27,593 INFO  [PreLoginHeader_HomePage] Cart icon is displaying on home page and is clickable too 
2018-07-15 21:44:27,632 INFO  [PreLoginHeader_HomePage] Login and register link is displaying on home page and is clickable too 
2018-07-15 21:45:54,886 INFO  [PreLoginHeader_HomePage] Logo is displaying on home page and is clickable too 
2018-07-15 21:45:54,921 INFO  [PreLoginHeader_HomePage] Seller_Login link is displaying on home page and is clickable too 
2018-07-15 21:45:54,954 INFO  [PreLoginHeader_HomePage] Download App link is displaying on home page and is clickable too 
2018-07-15 21:45:54,986 INFO  [PreLoginHeader_HomePage] Phone number in header is displaying on home page and is clickable too 
2018-07-15 21:45:55,018 INFO  [PreLoginHeader_HomePage] Searh field is displaying on home page and is clickable too 
2018-07-15 21:45:55,055 INFO  [PreLoginHeader_HomePage] Search button is displaying on home page and is clickable too 
2018-07-15 21:45:55,093 INFO  [PreLoginHeader_HomePage] Wallet icon is displaying on home page and is clickable too 
2018-07-15 21:45:55,134 INFO  [PreLoginHeader_HomePage] Cart icon is displaying on home page and is clickable too 
2018-07-15 21:45:55,168 INFO  [PreLoginHeader_HomePage] Login and register link is displaying on home page and is clickable too 
2018-07-15 21:47:29,109 INFO  [PreLoginHeader_HomePage] Logo is displaying on home page and is clickable too 
2018-07-15 21:47:29,145 INFO  [PreLoginHeader_HomePage] Seller_Login link is displaying on home page and is clickable too 
2018-07-15 21:47:29,178 INFO  [PreLoginHeader_HomePage] Download App link is displaying on home page and is clickable too 
2018-07-15 21:47:29,209 INFO  [PreLoginHeader_HomePage] Phone number in header is displaying on home page and is clickable too 
2018-07-15 21:47:29,240 INFO  [PreLoginHeader_HomePage] Searh field is displaying on home page and is clickable too 
2018-07-15 21:47:29,272 INFO  [PreLoginHeader_HomePage] Search button is displaying on home page and is clickable too 
2018-07-15 21:47:29,305 INFO  [PreLoginHeader_HomePage] Wallet icon is displaying on home page and is clickable too 
2018-07-15 21:47:29,337 INFO  [PreLoginHeader_HomePage] Cart icon is displaying on home page and is clickable too 
2018-07-15 21:47:29,377 INFO  [PreLoginHeader_HomePage] Login and register link is displaying on home page and is clickable too 
2018-07-16 12:01:49,263 INFO  [PreLoginHeader_HomePage] Logo is displaying on home page and is clickable too 
2018-07-16 12:01:49,316 INFO  [PreLoginHeader_HomePage] Seller_Login link is displaying on home page and is clickable too 
2018-07-16 12:01:49,350 INFO  [PreLoginHeader_HomePage] Download App link is displaying on home page and is clickable too 
2018-07-16 12:01:49,380 INFO  [PreLoginHeader_HomePage] Phone number in header is displaying on home page and is clickable too 
2018-07-16 12:01:49,412 INFO  [PreLoginHeader_HomePage] Searh field is displaying on home page and is clickable too 
2018-07-16 12:01:49,445 INFO  [PreLoginHeader_HomePage] Search button is displaying on home page and is clickable too 
2018-07-16 12:01:49,477 INFO  [PreLoginHeader_HomePage] Wallet icon is displaying on home page and is clickable too 
2018-07-16 12:01:49,510 INFO  [PreLoginHeader_HomePage] Cart icon is displaying on home page and is clickable too 
2018-07-16 12:01:49,549 INFO  [PreLoginHeader_HomePage] Login and register link is displaying on home page and is clickable too 
2018-07-16 12:03:10,081 INFO  [PreLoginHeader_HomePage] Logo is displaying on home page and is clickable too 
2018-07-16 12:03:10,116 INFO  [PreLoginHeader_HomePage] Seller_Login link is displaying on home page and is clickable too 
2018-07-16 12:03:10,149 INFO  [PreLoginHeader_HomePage] Download App link is displaying on home page and is clickable too 
2018-07-16 12:03:10,180 INFO  [PreLoginHeader_HomePage] Phone number in header is displaying on home page and is clickable too 
2018-07-16 12:03:10,210 INFO  [PreLoginHeader_HomePage] Searh field is displaying on home page and is clickable too 
2018-07-16 12:03:10,241 INFO  [PreLoginHeader_HomePage] Search button is displaying on home page and is clickable too 
2018-07-16 12:03:10,272 INFO  [PreLoginHeader_HomePage] Wallet icon is displaying on home page and is clickable too 
2018-07-16 12:03:10,304 INFO  [PreLoginHeader_HomePage] Cart icon is displaying on home page and is clickable too 
2018-07-16 12:03:10,345 INFO  [PreLoginHeader_HomePage] Login and register link is displaying on home page and is clickable too 
